<?xml version="1.0" encoding="UTF-8"?>
<testng-results ignored="0" total="2" passed="2" failed="0" skipped="0">
  <reporter-output>
  </reporter-output>
  <suite started-at="2023-07-12T11:40:41 IST" name="Default suite" finished-at="2023-07-12T11:40:52 IST" duration-ms="10677">
    <groups>
    </groups>
    <test started-at="2023-07-12T11:40:41 IST" name="Default test" finished-at="2023-07-12T11:40:52 IST" duration-ms="10677">
      <class name="qafox_pages.QAFOX_CreateAccount_TestCase">
        <test-method is-config="true" signature="launch_browser()[pri:0, instance:qafox_pages.QAFOX_CreateAccount_TestCase@2a265ea9]" started-at="2023-07-12T11:40:41 IST" name="launch_browser" finished-at="2023-07-12T11:40:46 IST" duration-ms="5268" status="PASS">
          <reporter-output>
          </reporter-output>
        </test-method> <!-- launch_browser -->
        <test-method signature="check_navigate_QAFOXCreateAccountPage()[pri:1, instance:qafox_pages.QAFOX_CreateAccount_TestCase@2a265ea9]" started-at="2023-07-12T11:40:46 IST" name="check_navigate_QAFOXCreateAccountPage" description="Test Case:Validate Navigate to QAFOX Create Account page" finished-at="2023-07-12T11:40:46 IST" duration-ms="25" status="PASS">
          <reporter-output>
          </reporter-output>
        </test-method> <!-- check_navigate_QAFOXCreateAccountPage -->
        <test-method is-config="true" signature="close_browserr()[pri:0, instance:qafox_pages.QAFOX_CreateAccount_TestCase@2a265ea9]" started-at="2023-07-12T11:40:46 IST" name="close_browserr" finished-at="2023-07-12T11:40:47 IST" duration-ms="184" status="PASS">
          <reporter-output>
          </reporter-output>
        </test-method> <!-- close_browserr -->
        <test-method is-config="true" signature="launch_browser()[pri:0, instance:qafox_pages.QAFOX_CreateAccount_TestCase@2a265ea9]" started-at="2023-07-12T11:40:47 IST" name="launch_browser" finished-at="2023-07-12T11:40:51 IST" duration-ms="4011" status="PASS">
          <reporter-output>
          </reporter-output>
        </test-method> <!-- launch_browser -->
        <test-method signature="check_createaccountwith_validCredentials()[pri:2, instance:qafox_pages.QAFOX_CreateAccount_TestCase@2a265ea9]" started-at="2023-07-12T11:40:51 IST" name="check_createaccountwith_validCredentials" description="Test Case:Validate Create Account with valid data" finished-at="2023-07-12T11:40:52 IST" duration-ms="1014" status="PASS">
          <reporter-output>
          </reporter-output>
        </test-method> <!-- check_createaccountwith_validCredentials -->
        <test-method is-config="true" signature="close_browserr()[pri:0, instance:qafox_pages.QAFOX_CreateAccount_TestCase@2a265ea9]" started-at="2023-07-12T11:40:52 IST" name="close_browserr" finished-at="2023-07-12T11:40:52 IST" duration-ms="130" status="PASS">
          <reporter-output>
          </reporter-output>
        </test-method> <!-- close_browserr -->
      </class> <!-- qafox_pages.QAFOX_CreateAccount_TestCase -->
    </test> <!-- Default test -->
  </suite> <!-- Default suite -->
</testng-results>
