<?xml version="1.0" encoding="UTF-8"?>
<testng-results ignored="0" total="1" passed="1" failed="0" skipped="0">
  <reporter-output>
  </reporter-output>
  <suite started-at="2023-07-10T17:47:18 IST" name="Default suite" finished-at="2023-07-10T17:47:23 IST" duration-ms="5370">
    <groups>
    </groups>
    <test started-at="2023-07-10T17:47:18 IST" name="Default test" finished-at="2023-07-10T17:47:23 IST" duration-ms="5370">
      <class name="selenium_Practice.Actions_Demo">
        <test-method signature="action_Demo()[pri:0, instance:selenium_Practice.Actions_Demo@2e385cce]" started-at="2023-07-10T17:47:18 IST" name="action_Demo" finished-at="2023-07-10T17:47:23 IST" duration-ms="5325" status="PASS">
          <reporter-output>
          </reporter-output>
        </test-method> <!-- action_Demo -->
      </class> <!-- selenium_Practice.Actions_Demo -->
    </test> <!-- Default test -->
  </suite> <!-- Default suite -->
</testng-results>
