<?xml version="1.0" encoding="UTF-8"?>
<!-- Generated by org.testng.reporters.JUnitXMLReporter -->
<testsuite ignored="2" hostname="BABARKAZI" failures="0" tests="5" name="Test" time="0.126" errors="0" timestamp="2023-08-01T18:25:48 IST">
  <testcase classname="testCases.Login_TestCases" name="invalid_credentials" time="0.01"/>
  <testcase classname="testCases.Login_TestCases" name="valid_credentials" time="0.004"/>
  <testcase classname="testCases.Dashboard_TestCase" name="tab1" time="0.021"/>
  <testcase classname="testCases.Dashboard_TestCase" name="tab2" time="0.009"/>
  <testcase classname="testCases.Dashboard_TestCase" name="tab3" time="0.004"/>
  <testcase classname="pages.BasePage" name="@BeforeSuite bs" time="0.0">
    <ignored/>
  </testcase> <!-- @BeforeSuite bs -->
  <testcase classname="pages.BasePage" name="@AfterSuite flush" time="0.0">
    <ignored/>
  </testcase> <!-- @AfterSuite flush -->
</testsuite> <!-- Test -->
