<?xml version="1.0" encoding="UTF-8"?>
<testng-results ignored="0" total="5" passed="5" failed="0" skipped="0">
  <reporter-output>
  </reporter-output>
  <suite started-at="2023-08-01T18:25:48 IST" name="Suite" finished-at="2023-08-01T18:25:48 IST" duration-ms="126">
    <groups>
    </groups>
    <test started-at="2023-08-01T18:25:48 IST" name="Test" finished-at="2023-08-01T18:25:48 IST" duration-ms="126">
      <class name="testCases.Dashboard_TestCase">
        <test-method is-config="true" signature="bc()[pri:0, instance:testCases.Dashboard_TestCase@52719fb6]" started-at="2023-08-01T18:25:48 IST" name="bc" finished-at="2023-08-01T18:25:48 IST" duration-ms="1" status="PASS">
          <reporter-output>
          </reporter-output>
        </test-method> <!-- bc -->
        <test-method is-config="true" signature="bm(java.lang.reflect.Method)[pri:0, instance:testCases.Dashboard_TestCase@52719fb6]" started-at="2023-08-01T18:25:48 IST" name="bm" finished-at="2023-08-01T18:25:48 IST" duration-ms="1" status="PASS">
          <params>
            <param index="0">
              <value>
                <![CDATA[public void testCases.Dashboard_TestCase.tab1()]]>
              </value>
            </param>
          </params>
          <reporter-output>
          </reporter-output>
        </test-method> <!-- bm -->
        <test-method signature="tab1()[pri:0, instance:testCases.Dashboard_TestCase@52719fb6]" started-at="2023-08-01T18:25:48 IST" name="tab1" finished-at="2023-08-01T18:25:48 IST" duration-ms="21" status="PASS">
          <reporter-output>
          </reporter-output>
        </test-method> <!-- tab1 -->
        <test-method is-config="true" signature="bm(java.lang.reflect.Method)[pri:0, instance:testCases.Dashboard_TestCase@52719fb6]" started-at="2023-08-01T18:25:48 IST" name="bm" finished-at="2023-08-01T18:25:48 IST" duration-ms="1" status="PASS">
          <params>
            <param index="0">
              <value>
                <![CDATA[public void testCases.Dashboard_TestCase.tab2()]]>
              </value>
            </param>
          </params>
          <reporter-output>
          </reporter-output>
        </test-method> <!-- bm -->
        <test-method signature="tab2()[pri:0, instance:testCases.Dashboard_TestCase@52719fb6]" started-at="2023-08-01T18:25:48 IST" name="tab2" finished-at="2023-08-01T18:25:48 IST" duration-ms="9" status="PASS">
          <reporter-output>
          </reporter-output>
        </test-method> <!-- tab2 -->
        <test-method is-config="true" signature="bm(java.lang.reflect.Method)[pri:0, instance:testCases.Dashboard_TestCase@52719fb6]" started-at="2023-08-01T18:25:48 IST" name="bm" finished-at="2023-08-01T18:25:48 IST" duration-ms="1" status="PASS">
          <params>
            <param index="0">
              <value>
                <![CDATA[public void testCases.Dashboard_TestCase.tab3()]]>
              </value>
            </param>
          </params>
          <reporter-output>
          </reporter-output>
        </test-method> <!-- bm -->
        <test-method signature="tab3()[pri:0, instance:testCases.Dashboard_TestCase@52719fb6]" started-at="2023-08-01T18:25:48 IST" name="tab3" finished-at="2023-08-01T18:25:48 IST" duration-ms="4" status="PASS">
          <reporter-output>
          </reporter-output>
        </test-method> <!-- tab3 -->
      </class> <!-- testCases.Dashboard_TestCase -->
      <class name="testCases.Login_TestCases">
        <test-method is-config="true" signature="bs()[pri:0, instance:testCases.Login_TestCases@5d534f5d]" started-at="2023-08-01T18:25:48 IST" name="bs" finished-at="2023-08-01T18:25:48 IST" duration-ms="219" status="PASS">
          <reporter-output>
          </reporter-output>
        </test-method> <!-- bs -->
        <test-method is-config="true" signature="bc()[pri:0, instance:testCases.Login_TestCases@5d534f5d]" started-at="2023-08-01T18:25:48 IST" name="bc" finished-at="2023-08-01T18:25:48 IST" duration-ms="5" status="PASS">
          <reporter-output>
          </reporter-output>
        </test-method> <!-- bc -->
        <test-method is-config="true" signature="bm(java.lang.reflect.Method)[pri:0, instance:testCases.Login_TestCases@5d534f5d]" started-at="2023-08-01T18:25:48 IST" name="bm" finished-at="2023-08-01T18:25:48 IST" duration-ms="2" status="PASS">
          <params>
            <param index="0">
              <value>
                <![CDATA[public void testCases.Login_TestCases.invalid_credentials()]]>
              </value>
            </param>
          </params>
          <reporter-output>
          </reporter-output>
        </test-method> <!-- bm -->
        <test-method signature="invalid_credentials()[pri:0, instance:testCases.Login_TestCases@5d534f5d]" started-at="2023-08-01T18:25:48 IST" name="invalid_credentials" finished-at="2023-08-01T18:25:48 IST" duration-ms="10" status="PASS">
          <reporter-output>
          </reporter-output>
        </test-method> <!-- invalid_credentials -->
        <test-method signature="valid_credentials()[pri:0, instance:testCases.Login_TestCases@5d534f5d]" started-at="2023-08-01T18:25:48 IST" name="valid_credentials" finished-at="2023-08-01T18:25:48 IST" duration-ms="4" status="PASS">
          <reporter-output>
          </reporter-output>
        </test-method> <!-- valid_credentials -->
        <test-method is-config="true" signature="bm(java.lang.reflect.Method)[pri:0, instance:testCases.Login_TestCases@5d534f5d]" started-at="2023-08-01T18:25:48 IST" name="bm" finished-at="2023-08-01T18:25:48 IST" duration-ms="0" status="PASS">
          <params>
            <param index="0">
              <value>
                <![CDATA[public void testCases.Login_TestCases.valid_credentials()]]>
              </value>
            </param>
          </params>
          <reporter-output>
          </reporter-output>
        </test-method> <!-- bm -->
        <test-method is-config="true" signature="flush()[pri:0, instance:testCases.Login_TestCases@5d534f5d]" started-at="2023-08-01T18:25:48 IST" name="flush" finished-at="2023-08-01T18:25:49 IST" duration-ms="270" status="PASS">
          <reporter-output>
          </reporter-output>
        </test-method> <!-- flush -->
      </class> <!-- testCases.Login_TestCases -->
    </test> <!-- Test -->
  </suite> <!-- Suite -->
</testng-results>
