<?xml version="1.0" encoding="UTF-8"?>
<!-- Generated by org.testng.reporters.JUnitXMLReporter -->
<testsuite ignored="0" hostname="BABARKAZI" failures="0" tests="2" name="Default test" time="17.543" errors="0" timestamp="2023-08-03T12:12:59 IST">
  <testcase classname="qafox_TestCases.QAFOX_Login_TestCase" name="check_navigate_QAFOXRegisterAccountPage" time="0.013"/>
  <testcase classname="qafox_TestCases.QAFOX_Login_TestCase" name="validate_login_with_validCredentials" time="0.673"/>
</testsuite> <!-- Default test -->
