<?xml version="1.0" encoding="UTF-8"?>
<testng-results ignored="0" total="2" passed="2" failed="0" skipped="0">
  <reporter-output>
  </reporter-output>
  <suite started-at="2023-08-03T12:12:42 IST" name="Default suite" finished-at="2023-08-03T12:12:59 IST" duration-ms="17543">
    <groups>
      <group name="Register Account">
        <method signature="QAFOX_Login_TestCase.check_navigate_QAFOXRegisterAccountPage()[pri:1, instance:qafox_TestCases.QAFOX_Login_TestCase@4d5650ae]" name="check_navigate_QAFOXRegisterAccountPage" class="qafox_TestCases.QAFOX_Login_TestCase"/>
      </group> <!-- Register Account -->
      <group name="Login">
        <method signature="QAFOX_Login_TestCase.validate_login_with_validCredentials()[pri:2, instance:qafox_TestCases.QAFOX_Login_TestCase@4d5650ae]" name="validate_login_with_validCredentials" class="qafox_TestCases.QAFOX_Login_TestCase"/>
      </group> <!-- Login -->
    </groups>
    <test started-at="2023-08-03T12:12:42 IST" name="Default test" finished-at="2023-08-03T12:12:59 IST" duration-ms="17543">
      <class name="qafox_TestCases.QAFOX_Login_TestCase">
        <test-method is-config="true" signature="bs()[pri:0, instance:qafox_TestCases.QAFOX_Login_TestCase@4d5650ae]" started-at="2023-08-03T12:12:41 IST" name="bs" finished-at="2023-08-03T12:12:42 IST" duration-ms="238" status="PASS">
          <reporter-output>
          </reporter-output>
        </test-method> <!-- bs -->
        <test-method is-config="true" signature="bc()[pri:0, instance:qafox_TestCases.QAFOX_Login_TestCase@4d5650ae]" started-at="2023-08-03T12:12:42 IST" name="bc" finished-at="2023-08-03T12:12:42 IST" duration-ms="3" status="PASS">
          <reporter-output>
          </reporter-output>
        </test-method> <!-- bc -->
        <test-method is-config="true" signature="Open_Browser(java.lang.reflect.Method)[pri:0, instance:qafox_TestCases.QAFOX_Login_TestCase@4d5650ae]" started-at="2023-08-03T12:12:42 IST" name="Open_Browser" finished-at="2023-08-03T12:12:55 IST" duration-ms="12773" status="PASS">
          <params>
            <param index="0">
              <value>
                <![CDATA[public static void qafox_TestCases.QAFOX_Login_TestCase.check_navigate_QAFOXRegisterAccountPage() throws java.lang.Exception]]>
              </value>
            </param>
          </params>
          <reporter-output>
          </reporter-output>
        </test-method> <!-- Open_Browser -->
        <test-method signature="check_navigate_QAFOXRegisterAccountPage()[pri:1, instance:qafox_TestCases.QAFOX_Login_TestCase@4d5650ae]" started-at="2023-08-03T12:12:55 IST" name="check_navigate_QAFOXRegisterAccountPage" description="Test Case:Validate Navigate to QAFOX Register Account page" finished-at="2023-08-03T12:12:55 IST" duration-ms="13" status="PASS">
          <reporter-output>
          </reporter-output>
        </test-method> <!-- check_navigate_QAFOXRegisterAccountPage -->
        <test-method is-config="true" signature="Close_Browser()[pri:0, instance:qafox_TestCases.QAFOX_Login_TestCase@4d5650ae]" started-at="2023-08-03T12:12:55 IST" name="Close_Browser" finished-at="2023-08-03T12:12:55 IST" duration-ms="46" status="PASS">
          <reporter-output>
          </reporter-output>
        </test-method> <!-- Close_Browser -->
        <test-method is-config="true" signature="Open_Browser(java.lang.reflect.Method)[pri:0, instance:qafox_TestCases.QAFOX_Login_TestCase@4d5650ae]" started-at="2023-08-03T12:12:55 IST" name="Open_Browser" finished-at="2023-08-03T12:12:59 IST" duration-ms="3908" status="PASS">
          <params>
            <param index="0">
              <value>
                <![CDATA[public static void qafox_TestCases.QAFOX_Login_TestCase.validate_login_with_validCredentials() throws java.lang.Exception]]>
              </value>
            </param>
          </params>
          <reporter-output>
          </reporter-output>
        </test-method> <!-- Open_Browser -->
        <test-method signature="validate_login_with_validCredentials()[pri:2, instance:qafox_TestCases.QAFOX_Login_TestCase@4d5650ae]" started-at="2023-08-03T12:12:59 IST" name="validate_login_with_validCredentials" description="Test Case: Validate QAFOX Login with valid credentials" finished-at="2023-08-03T12:12:59 IST" duration-ms="673" status="PASS">
          <reporter-output>
          </reporter-output>
        </test-method> <!-- validate_login_with_validCredentials -->
        <test-method is-config="true" signature="Close_Browser()[pri:0, instance:qafox_TestCases.QAFOX_Login_TestCase@4d5650ae]" started-at="2023-08-03T12:12:59 IST" name="Close_Browser" finished-at="2023-08-03T12:12:59 IST" duration-ms="77" status="PASS">
          <reporter-output>
          </reporter-output>
        </test-method> <!-- Close_Browser -->
        <test-method is-config="true" signature="as()[pri:0, instance:qafox_TestCases.QAFOX_Login_TestCase@4d5650ae]" started-at="2023-08-03T12:12:59 IST" name="as" finished-at="2023-08-03T12:13:00 IST" duration-ms="332" status="PASS">
          <reporter-output>
          </reporter-output>
        </test-method> <!-- as -->
      </class> <!-- qafox_TestCases.QAFOX_Login_TestCase -->
    </test> <!-- Default test -->
  </suite> <!-- Default suite -->
</testng-results>
