<?xml version="1.0" encoding="UTF-8"?>
<!-- Generated by org.testng.reporters.JUnitXMLReporter -->
<testsuite ignored="0" hostname="BABARKAZI" failures="0" tests="2" name="Default test" time="19.863" errors="0" timestamp="2023-07-12T21:04:18 IST">
  <testcase classname="orangeHRM_Login_TestCase_Main.OrangeHRM_Login_TestCase" name="check_navigate_orangeHRM_loginPage" time="0.035"/>
  <testcase classname="orangeHRM_Login_TestCase_Main.OrangeHRM_Login_TestCase" name="login_With_ValidCredentials" time="2.13"/>
</testsuite> <!-- Default test -->
