<?xml version="1.0" encoding="UTF-8"?>
<!-- Generated by org.testng.reporters.JUnitXMLReporter -->
<testsuite ignored="0" hostname="BABARKAZI" failures="0" tests="2" name="Default test" time="10.677" errors="0" timestamp="2023-07-12T11:40:52 IST">
  <testcase classname="qafox_pages.QAFOX_CreateAccount_TestCase" name="check_navigate_QAFOXCreateAccountPage" time="0.025"/>
  <testcase classname="qafox_pages.QAFOX_CreateAccount_TestCase" name="check_createaccountwith_validCredentials" time="1.014"/>
</testsuite> <!-- Default test -->
