<?xml version="1.0" encoding="UTF-8"?>
<!-- Generated by org.testng.reporters.JUnitXMLReporter -->
<testsuite ignored="2" hostname="BABARKAZI" failures="0" tests="6" name="Test" time="61.926" errors="0" timestamp="2023-08-01T18:54:39 IST">
  <testcase classname="qafox_TestCases.QAFOX_RegisterAccount_TestCase" name="check_navigate_QAFOXRegisterAccountPage" time="0.026"/>
  <testcase classname="qafox_TestCases.QAFOX_RegisterAccount_TestCase" name="check_registeraccountwith_validCredentials" time="0.906"/>
  <testcase classname="qafox_TestCases.QAFOX_RegisterAccount_TestCase" name="validate_registerAccount_blankOne_mandatoryField" time="0.959"/>
  <testcase classname="qafox_TestCases.QAFOX_RegisterAccount_TestCase" name="validate_RegisterAccount_WithoutPirvacyPolicy" time="1.128"/>
  <testcase classname="qafox_TestCases.QAFOX_Login_TestCase" name="check_navigate_QAFOXRegisterAccountPage" time="0.003"/>
  <testcase classname="qafox_TestCases.QAFOX_Login_TestCase" name="validate_login_with_validCredentials" time="0.002"/>
  <testcase classname="qafoxpages.QAFOX_BaseFunctionality" name="@BeforeSuite bs" time="0.0">
    <ignored/>
  </testcase> <!-- @BeforeSuite bs -->
  <testcase classname="qafoxpages.QAFOX_BaseFunctionality" name="@AfterSuite as" time="0.0">
    <ignored/>
  </testcase> <!-- @AfterSuite as -->
</testsuite> <!-- Test -->
